-4.50929 -4.50986
-4.5163 -4.51497
-4.55129 -4.55108
-4.58005 -4.58043
-4.43893 -4.44159
-4.42726 -4.43367
-4.54956 -4.5507
-4.55057 -4.55096
-4.51158 -4.5095
-4.54586 -4.54629
-4.4994 -4.5005
-4.55081 -4.55078
-4.59237 -4.59171
-4.55647 -4.55543
-4.59501 -4.59562
-4.49392 -4.49284
-4.52572 -4.52589
-4.48889 -4.48962
-4.46692 -4.46551
-4.50448 -4.50359
-4.57137 -4.57053
-4.50105 -4.49985
-4.57004 -4.56998
-4.57401 -4.57284
-4.58875 -4.58922
-4.56493 -4.56606
-4.55498 -4.55449
-4.5889 -4.58846
-4.45148 -4.45581
-4.46775 -4.47271
-4.50772 -4.50692
-4.49773 -4.49837
-4.47842 -4.478
-4.48304 -4.48106
-4.57611 -4.57625
-4.46884 -4.46925
-4.55921 -4.55956
-4.58577 -4.5845
-4.59966 -4.6001
-4.54829 -4.54939
-4.42938 -4.43122
-4.59147 -4.59123
-4.58616 -4.5854
-4.49701 -4.49853
-4.50051 -4.50073
-4.54379 -4.54304
-4.57564 -4.57515
-4.43103 -4.43459
-4.49064 -4.49095
-4.4569 -4.45735
-4.59391 -4.59321
-4.5393 -4.54187
-4.54604 -4.54866
-4.42088 -4.42341
-4.52234 -4.52464
-4.53425 -4.53416
-4.54887 -4.54932
-4.54749 -4.54668
-4.54179 -4.54225
-4.52626 -4.52739
-4.58693 -4.58622
-4.40365 -4.40496
-4.50539 -4.50621
-4.49665 -4.49866
-4.59034 -4.5903
-4.52087 -4.52263
-4.55033 -4.55179
-4.56113 -4.56147
-4.59377 -4.59283
-4.58347 -4.5818
-4.59478 -4.59551
-4.46763 -4.47053
-4.51075 -4.51084
-4.55715 -4.5573
-4.48264 -4.48035
-4.49603 -4.49813
-4.59322 -4.59279
-4.53927 -4.54028
-4.4431 -4.44495
-4.59187 -4.59186
-4.45219 -4.45256
-4.59302 -4.59267
-4.50089 -4.49891
-4.5166 -4.5145
-4.45708 -4.4589
-4.58604 -4.58639
-4.59758 -4.59807
-4.39677 -4.39944
-4.5716 -4.57199
-4.57494 -4.57482
-4.48285 -4.48117
-4.59279 -4.59253
-4.43046 -4.42978
-4.58648 -4.58537
-4.59298 -4.59226
-4.47905 -4.48028
-4.49401 -4.49742
-4.4506 -4.45253
-4.47015 -4.46784
-4.55245 -4.55318
-4.55137 -4.55056
-4.57426 -4.57337
-4.58738 -4.58824
-4.58606 -4.58548
-4.4609 -4.46053
-4.52143 -4.5231
-4.52138 -4.51987
-4.54434 -4.5454
-4.4664 -4.46933
-4.54124 -4.54229
-4.49784 -4.49873
-4.54076 -4.54288
-4.5722 -4.57247
-4.59278 -4.59181
-4.59926 -4.5988
-4.49521 -4.49581
-4.54012 -4.54008
-4.58899 -4.5881
-4.51145 -4.5128
-4.48939 -4.49192
-4.46198 -4.46192
-4.41362 -4.41792
-4.51222 -4.51108
-4.5643 -4.56337
-4.5227 -4.52315
-4.55582 -4.55508
-4.51249 -4.51424
-4.54313 -4.54385
-4.5425 -4.54406
-4.58867 -4.58838
-4.57718 -4.57821
-4.45081 -4.44847
-4.58132 -4.58108
-4.59999 -4.59991
-4.54141 -4.54212
-4.48918 -4.49337
-4.53162 -4.53213
-4.48311 -4.48551
-4.51723 -4.51686
-4.55628 -4.55636
-4.49775 -4.49699
-4.55095 -4.55101
-4.50813 -4.50692
-4.44465 -4.44463
-4.51124 -4.51189
-4.59256 -4.59249
-4.58619 -4.5861
-4.53837 -4.53757
-4.46471 -4.46813
-4.4801 -4.47981
-4.59041 -4.58932
-4.5851 -4.58544
-4.43707 -4.43364
-4.54639 -4.54747
-4.5594 -4.56058
-4.49047 -4.49084
-4.59156 -4.5915
-4.58759 -4.58804
-4.52936 -4.53112
-4.5129 -4.5137
-4.42373 -4.42461
-4.50837 -4.50862
-4.48066 -4.48455
-4.59602 -4.59539
-4.50391 -4.50396
-4.51443 -4.51371
-4.55331 -4.55425
-4.56608 -4.56754
-4.5511 -4.55133
-4.58856 -4.58814
-4.5951 -4.59536
-4.59467 -4.59307
-4.42834 -4.43382
-4.49421 -4.49789
-4.53046 -4.53208
-4.59011 -4.59094
-4.46133 -4.46018
-4.4615 -4.46444
-4.53141 -4.53147
-4.58543 -4.5859
-4.55129 -4.55208
-4.47793 -4.47764
-4.47958 -4.47959
-4.54731 -4.54798
-4.54721 -4.54849
-4.58978 -4.58936
-4.53054 -4.53143
-4.59621 -4.59439
-4.45763 -4.4582
-4.45956 -4.46173
-4.50344 -4.50483
-4.53902 -4.53871
-4.50175 -4.49897
-4.54721 -4.54834
-4.57577 -4.57543
-4.589 -4.58911
-4.52841 -4.52877
-4.50597 -4.50833
-4.4234 -4.42523
-4.48112 -4.48285
-4.5398 -4.5392
-4.51716 -4.51926
-4.55446 -4.55506
-4.55552 -4.55583
-4.60397 -4.60391
-4.59234 -4.59101
-4.5818 -4.5817
-4.48505 -4.48541
-4.59078 -4.59014
-4.5916 -4.59187
-4.45883 -4.45952
-4.46765 -4.46668
-4.59028 -4.59088
-4.53988 -4.54119
-4.58787 -4.58826
-4.56359 -4.56387
-4.4938 -4.49399
-4.45481 -4.45187
-4.52477 -4.52397
-4.52352 -4.52294
-4.48851 -4.48775
-4.49404 -4.49504
-4.5099 -4.5104
-4.48593 -4.48398
-4.54191 -4.54176
-4.54501 -4.54436
-4.57 -4.56899
-4.58444 -4.58532
-4.54458 -4.54554
-4.51046 -4.50982
-4.52339 -4.52439
-4.53492 -4.5363
-4.56111 -4.56055
-4.55257 -4.55288
-4.59175 -4.58986
-4.6 -4.60042
-4.50462 -4.50558
-4.52668 -4.5269
-4.52014 -4.52099
-4.55513 -4.55674
-4.53966 -4.53873
-4.59536 -4.5942
-4.50945 -4.50922
-4.47724 -4.47878
-4.59354 -4.59264
-4.47072 -4.46991
-4.57652 -4.57732
-4.42621 -4.42202
-4.56226 -4.5634
-4.55123 -4.55109
-4.47686 -4.47608
-4.47282 -4.47188
-4.58551 -4.58567
-4.57053 -4.57087
-4.42787 -4.4304
-4.54514 -4.54564
-4.54974 -4.54773
-4.44351 -4.44585
-4.58548 -4.58508
-4.58545 -4.58529
-4.52062 -4.51737
-4.52177 -4.52199
-4.47896 -4.48126
-4.49548 -4.49601
-4.58144 -4.58212
-4.59157 -4.59137
-4.54267 -4.54403
-4.56933 -4.56882
-4.41916 -4.41645
-4.56553 -4.56577
-4.58029 -4.58079
-4.43042 -4.43201
-4.49555 -4.49878
-4.51795 -4.51807
-4.52562 -4.52596
-4.47786 -4.47412
-4.47516 -4.47678
-4.54191 -4.5404
-4.56319 -4.56323
-4.51173 -4.51241
-4.59487 -4.59326
-4.61414 -4.61366
-4.58997 -4.58855
-4.60803 -4.60701
-4.61237 -4.61161
-4.58479 -4.58482
-4.60821 -4.60804
-4.60259 -4.6015
-4.61027 -4.60914
-4.61647 -4.61561
-4.58453 -4.58347
-4.60535 -4.60508
-4.61367 -4.61285
-4.59349 -4.59214
-4.59309 -4.59218
-4.60758 -4.60715
-4.60222 -4.60145
-4.61398 -4.61374
-4.611 -4.61072
-4.5917 -4.59133
-4.61027 -4.60953
-4.60142 -4.60002
-4.61409 -4.61287
-4.60857 -4.60773
-4.60675 -4.60604
-4.56208 -4.56242
-4.58193 -4.58221
-4.56757 -4.56746
-4.55697 -4.55833
-4.57098 -4.5702
-4.56478 -4.56423
-4.58507 -4.58442
-4.56626 -4.56637
-4.57893 -4.57868
-4.56998 -4.56963
-4.52115 -4.52016
-4.52677 -4.52583
-4.54455 -4.54517
-4.54361 -4.54384
-4.53516 -4.53681
-4.51776 -4.51785
-4.53243 -4.53358
-4.51795 -4.51806
-4.50636 -4.50801
-4.50901 -4.50759
-4.45898 -4.45685
-4.51202 -4.5102
-4.5124 -4.50997
-4.49011 -4.4907
-4.49428 -4.49694
-4.48843 -4.49095
-4.49986 -4.49885
-4.45815 -4.46102
-4.50877 -4.50312
-4.44014 -4.44301
-4.49689 -4.49858
-4.48183 -4.48397
-4.39523 -4.39574
-4.41967 -4.42246
-4.45497 -4.45451
-4.39147 -4.38838
-4.51258 -4.5125
-4.5847 -4.58514
-4.58513 -4.58432
-4.5717 -4.57202
-4.56766 -4.56555
-4.57477 -4.57276
-4.5696 -4.57074
-4.56686 -4.5677
-4.5714 -4.57354
-4.57697 -4.57759
-4.52276 -4.52187
-4.50172 -4.50265
-4.52284 -4.52384
-4.49419 -4.49511
-4.49958 -4.50315
-4.53407 -4.53534
-4.50335 -4.5059
-4.53291 -4.53499
-4.52591 -4.52748
-4.52419 -4.52424
-4.49258 -4.49578
-4.49376 -4.49566
-4.47053 -4.46231
-4.5341 -4.53537
-4.43225 -4.43403
-4.48429 -4.48461
-4.40015 -4.39974
-4.44918 -4.44848
-4.4558 -4.45624
-4.40767 -4.41009
-4.47248 -4.47333
-4.4132 -4.40962
-4.40792 -4.40149
-4.35764 -4.3609
-4.40708 -4.40507
-4.57196 -4.57019
-4.56757 -4.56761
-4.57518 -4.57649
-4.57243 -4.57355
-4.56756 -4.56607
-4.57138 -4.57101
-4.57082 -4.57234
-4.56418 -4.5638
-4.54009 -4.53906
-4.52752 -4.52914
-4.51427 -4.51784
-4.52303 -4.52124
-4.52828 -4.52815
-4.54095 -4.53983
-4.53213 -4.53008
-4.53928 -4.53848
-4.5406 -4.5419
-4.54452 -4.54579
-4.51714 -4.51643
-4.47869 -4.47663
-4.50514 -4.50301
-4.50227 -4.50017
-4.47547 -4.47466
-4.51262 -4.51338
-4.52006 -4.52086
-4.521 -4.52524
-4.46726 -4.46581
-4.46146 -4.46227
-4.49005 -4.49103
-4.43549 -4.43768
-4.44157 -4.43998
-4.50432 -4.50284
-4.43059 -4.4289
-4.40741 -4.40662
-4.58734 -4.58511
-4.56115 -4.56217
-4.58804 -4.58804
-4.56938 -4.5709
-4.55252 -4.5545
-4.57573 -4.57611
-4.5779 -4.57655
-4.58227 -4.58253
-4.56707 -4.56667
-4.54073 -4.54194
-4.52149 -4.52171
-4.51281 -4.51224
-4.52858 -4.53197
-4.55233 -4.55291
-4.52279 -4.52474
-4.5382 -4.53991
-4.5341 -4.53666
-4.53982 -4.54097
-4.48992 -4.49215
-4.49772 -4.50187
-4.50081 -4.50369
-4.47683 -4.47334
-4.51265 -4.51365
-4.44067 -4.43874
-4.48727 -4.4898
-4.47692 -4.48087
-4.45035 -4.45669
-4.44593 -4.44716
-4.48417 -4.48307
-4.49521 -4.49575
-4.47845 -4.47566
-4.45132 -4.4472
-4.49527 -4.48969
-4.38969 -4.38684
-4.5141 -4.5152
-4.57489 -4.57505
-4.57634 -4.57578
-4.58412 -4.58405
-4.57391 -4.57563
-4.57598 -4.57641
-4.57299 -4.57351
-4.57153 -4.57262
-4.57628 -4.57633
-4.53827 -4.53757
-4.52169 -4.52419
-4.55872 -4.55801
-4.54957 -4.54578
-4.53316 -4.53347
-4.56296 -4.56466
-4.55004 -4.54763
-4.54129 -4.54238
-4.51856 -4.52111
-4.45424 -4.45494
-4.50521 -4.50458
-4.50001 -4.49564
-4.4666 -4.46291
-4.48868 -4.48944
-4.48993 -4.49192
-4.40224 -4.40734
-4.49405 -4.49534
-4.48324 -4.47674
-4.41444 -4.41935
-4.47904 -4.47983
-4.4497 -4.44808
-4.48292 -4.48092
-4.41306 -4.40751
-4.46744 -4.46707
-4.47585 -4.47696
-4.49684 -4.49522
-4.43836 -4.43937
-4.58407 -4.58569
-4.56784 -4.56757
-4.55763 -4.5579
-4.57698 -4.57714
-4.57788 -4.57744
-4.56981 -4.5707
-4.57053 -4.57279
-4.57046 -4.57065
-4.56301 -4.5652
-4.56105 -4.56181
-4.57832 -4.57718
-4.55166 -4.55303
-4.52315 -4.52402
-4.54584 -4.5441
-4.53179 -4.52847
-4.54369 -4.54402
-4.53642 -4.53732
-4.54219 -4.54383
-4.51737 -4.51681
-4.48432 -4.48462
-4.43853 -4.43677
-4.49673 -4.49636
-4.48559 -4.48478
-4.47406 -4.47104
-4.51008 -4.51245
-4.53385 -4.53487
-4.52082 -4.52245
-4.45409 -4.45567
-4.45434 -4.4583
-4.40864 -4.40722
-4.5133 -4.51644
-4.49633 -4.49862
-4.401 -4.39806
-4.4552 -4.45061
-4.39531 -4.39749
-4.46916 -4.46493
-4.56452 -4.56439
-4.55818 -4.55977
-4.58408 -4.58267
-4.57184 -4.57263
-4.58391 -4.5839
-4.57649 -4.57731
-4.58541 -4.58571
-4.54359 -4.54682
-4.54915 -4.54762
-4.55671 -4.55787
-4.56336 -4.5637
-4.52852 -4.5276
-4.54573 -4.54792
-4.53135 -4.53147
-4.54181 -4.54215
-4.54574 -4.54796
-4.46617 -4.46725
-4.52529 -4.52478
-4.47922 -4.47693
-4.50364 -4.50038
-4.42111 -4.42049
-4.52245 -4.52461
-4.43386 -4.44059
-4.46484 -4.46514
-4.50336 -4.5031
-4.47659 -4.478
-4.42325 -4.42211
-4.45054 -4.45216
-4.46031 -4.4624
-4.42289 -4.42416
-4.45889 -4.45248
-4.46431 -4.46331
-4.41984 -4.41788
-4.57222 -4.57307
-4.56762 -4.56826
-4.56561 -4.56677
-4.56624 -4.56559
-4.57745 -4.57906
-4.5859 -4.58652
-4.57804 -4.57805
-4.57017 -4.57173
-4.57977 -4.57982
-4.53463 -4.53301
-4.53922 -4.53811
-4.52637 -4.52781
-4.54476 -4.5456
-4.53176 -4.53135
-4.55414 -4.55403
-4.53485 -4.5331
-4.53834 -4.53925
-4.53884 -4.53778
-4.42611 -4.42834
-4.50154 -4.5002
-4.46131 -4.46018
-4.48009 -4.47827
-4.46746 -4.46684
-4.5099 -4.50429
-4.49282 -4.49523
-4.49737 -4.49491
-4.52571 -4.52977
-4.49254 -4.49166
-4.45357 -4.45525
-4.4479 -4.45845
-4.44848 -4.44871
-4.47922 -4.47718
-4.47073 -4.4712
-4.45986 -4.46181
-4.5048 -4.50186
-4.43374 -4.43862
-4.60166 -4.60067
-4.59373 -4.59332
-4.59916 -4.5988
-4.59724 -4.59605
-4.59009 -4.59008
-4.59461 -4.59392
-4.58753 -4.58611
-4.58527 -4.58449
-4.59413 -4.59351
-4.58069 -4.58071
-4.58081 -4.58021
-4.5897 -4.58791
-4.58867 -4.58846
-4.59606 -4.59524
-4.59559 -4.59435
-4.59521 -4.59358
-4.58461 -4.58387
-4.568 -4.56755
-4.58443 -4.58388
-4.58496 -4.58645
-4.58601 -4.587
-4.57613 -4.57551
-4.58083 -4.58052
-4.5814 -4.58064
-4.57263 -4.57138
-4.58694 -4.58724
-4.59795 -4.59796
-4.59992 -4.60024
-4.59583 -4.59632
-4.59497 -4.59437
-4.59138 -4.59095
-4.59786 -4.59792
-4.58737 -4.58808
-4.56711 -4.56304
-4.55087 -4.551
-4.56844 -4.56878
-4.54335 -4.5448
-4.54724 -4.54609
-4.55814 -4.55844
-4.55582 -4.55509
-4.54478 -4.54439
-4.52135 -4.52308
-4.51786 -4.51844
-4.50945 -4.50755
-4.51414 -4.51544
-4.53158 -4.53189
-4.5054 -4.50671
-4.50267 -4.50097
-4.50862 -4.50769
-4.47426 -4.47268
-4.45618 -4.45694
-4.52049 -4.52222
-4.50617 -4.50497
-4.51396 -4.51399
-4.48224 -4.48537
-4.48337 -4.48344
-4.44289 -4.44617
-4.44295 -4.44707
-4.47788 -4.47733
-4.48279 -4.4822
-4.4655 -4.46649
-4.45357 -4.45261
-4.5982 -4.59877
-4.58971 -4.5896
-4.58659 -4.58556
-4.59153 -4.59156
-4.61377 -4.61407
-4.58895 -4.58921
-4.59873 -4.59903
-4.59352 -4.59352
-4.58734 -4.58753
-4.59344 -4.5923
-4.59716 -4.59754
-4.52953 -4.52725
-4.56674 -4.56695
-4.53848 -4.53809
-4.55761 -4.55764
-4.55509 -4.55483
-4.55995 -4.55983
-4.56641 -4.56631
-4.54738 -4.5458
-4.47618 -4.47718
-4.53263 -4.53208
-4.45554 -4.45358
-4.53521 -4.53438
-4.51679 -4.51689
-4.44989 -4.44389
-4.46871 -4.46694
-4.52298 -4.52273
-4.50339 -4.49943
-4.449 -4.44655
-4.45835 -4.45745
-4.45506 -4.45235
-4.47157 -4.47283
-4.46362 -4.46271
-4.44817 -4.44793
-4.45301 -4.45241
-4.58512 -4.58526
-4.60054 -4.60054
-4.59641 -4.59562
-4.58128 -4.58196
-4.59313 -4.59162
-4.59983 -4.59994
-4.59476 -4.59449
-4.59319 -4.59262
-4.58662 -4.58624
-4.54944 -4.54803
-4.56082 -4.56135
-4.56243 -4.56168
-4.54992 -4.55164
-4.55436 -4.55423
-4.54289 -4.54276
-4.57244 -4.57038
-4.54914 -4.54809
-4.55439 -4.55265
-4.54125 -4.53987
-4.54813 -4.54862
-4.54131 -4.54179
-4.51573 -4.51383
-4.51215 -4.51353
-4.5238 -4.52312
-4.48313 -4.48587
-4.46667 -4.46869
-4.45892 -4.46045
-4.43689 -4.43663
-4.43053 -4.4308
-4.46987 -4.47035
-4.50219 -4.50153
-4.45595 -4.4553
-4.48284 -4.48433
-4.47933 -4.4808
-4.4546 -4.45534
-4.59745 -4.59611
-4.60593 -4.60552
-4.5979 -4.5967
-4.5945 -4.59431
-4.59794 -4.59759
-4.58779 -4.5876
-4.58853 -4.58812
-4.54263 -4.54259
-4.54173 -4.54157
-4.55861 -4.55852
-4.58552 -4.58477
-4.57033 -4.57006
-4.55778 -4.55741
-4.56369 -4.56435
-4.53589 -4.53653
-4.5448 -4.54233
-4.5596 -4.55979
-4.5304 -4.52927
-4.54598 -4.54712
-4.53267 -4.53299
-4.49672 -4.49697
-4.48627 -4.48587
-4.50888 -4.50924
-4.51645 -4.51543
-4.52797 -4.52939
-4.53089 -4.53285
-4.47165 -4.47343
-4.52718 -4.52762
-4.54135 -4.53798
-4.4298 -4.43149
-4.50572 -4.50495
-4.47187 -4.47268
-4.44203 -4.43775
-4.48937 -4.48743
-4.46743 -4.46516
-4.60375 -4.60289
-4.58182 -4.57932
-4.5959 -4.59488
-4.59373 -4.59349
-4.59661 -4.59638
-4.59354 -4.5932
-4.59911 -4.59809
-4.59538 -4.59474
-4.60057 -4.59977
-4.55405 -4.55434
-4.57163 -4.57042
-4.5518 -4.55305
-4.53128 -4.53015
-4.5637 -4.56408
-4.56261 -4.56239
-4.52934 -4.53043
-4.53875 -4.53757
-4.54615 -4.54649
-4.50906 -4.50458
-4.55504 -4.55512
-4.479 -4.4766
-4.5354 -4.53544
-4.50104 -4.50317
-4.49093 -4.4919
-4.40696 -4.40758
-4.4887 -4.48921
-4.45489 -4.45367
-4.47368 -4.47236
-4.47361 -4.46503
-4.45545 -4.45796
-4.4423 -4.44019
-4.42875 -4.4279
-4.44498 -4.44353
-4.43304 -4.43208
-4.60684 -4.60484
-4.58629 -4.58589
-4.59903 -4.59826
-4.59949 -4.59869
-4.58371 -4.5835
-4.60016 -4.60065
-4.5976 -4.59757
-4.59123 -4.5906
-4.60475 -4.60408
-4.56138 -4.55493
-4.55663 -4.55709
-4.55509 -4.55522
-4.58121 -4.58033
-4.54675 -4.54661
-4.56568 -4.56465
-4.56061 -4.5599
-4.52898 -4.52631
-4.53726 -4.53481
-4.53209 -4.53129
-4.49031 -4.49089
-4.48009 -4.48057
-4.51048 -4.51007
-4.50163 -4.50295
-4.52304 -4.52092
-4.51193 -4.51105
-4.50402 -4.50317
-4.52424 -4.52427
-4.48365 -4.48444
-4.44159 -4.44401
-4.4719 -4.47234
-4.44845 -4.4493
-4.47642 -4.47817
-4.49262 -4.49089
-4.46448 -4.46297
-4.59963 -4.59922
-4.59754 -4.59763
-4.589 -4.58922
-4.59588 -4.59572
-4.60194 -4.60155
-4.59152 -4.59113
-4.59384 -4.59452
-4.56243 -4.55678
-4.56815 -4.5678
-4.55362 -4.55353
-4.5694 -4.56911
-4.54375 -4.5438
-4.5518 -4.55411
-4.55752 -4.55814
-4.52047 -4.52022
-4.5379 -4.53823
-4.5697 -4.5684
-4.5256 -4.52589
-4.51899 -4.51874
-4.51888 -4.51893
-4.52595 -4.52735
-4.52188 -4.52302
-4.49907 -4.49849
-4.52588 -4.52598
-4.50409 -4.50427
-4.48748 -4.48963
-4.46634 -4.46581
-4.46303 -4.46046
-4.4572 -4.4545
-4.47385 -4.47612
-4.46128 -4.46157
-4.50493 -4.50372
-4.46003 -4.4594
-4.46638 -4.46366
-4.48583 -4.48794
-4.58254 -4.58205
-4.59118 -4.59082
-4.58663 -4.58579
-4.59187 -4.59196
-4.59853 -4.59846
-4.59842 -4.59853
-4.58945 -4.58835
-4.59592 -4.59542
-4.59096 -4.58917
-4.59294 -4.59323
-4.55369 -4.55447
-4.56233 -4.56005
-4.56375 -4.5645
-4.5432 -4.54254
-4.56131 -4.55972
-4.54576 -4.54485
-4.53595 -4.53578
-4.542 -4.54112
-4.52902 -4.53055
-4.46993 -4.47044
-4.47543 -4.4755
-4.50632 -4.50654
-4.52219 -4.52282
-4.49716 -4.49798
-4.51883 -4.52033
-4.48482 -4.48511
-4.49992 -4.49939
-4.48166 -4.48081
-4.47758 -4.47371
-4.4605 -4.45669
-4.43701 -4.43643
-4.41449 -4.41296
-4.48353 -4.48451
-4.45124 -4.45032
-4.49 -4.48645
-4.61308 -4.61237
-4.6163 -4.6155
-4.6099 -4.6097
-4.58988 -4.5881
-4.57347 -4.5722
-4.61351 -4.61321
-4.61628 -4.61531
-4.61067 -4.61046
-4.60556 -4.60495
-4.61392 -4.61286
-4.60866 -4.60859
-4.61459 -4.6139
-4.60562 -4.60438
-4.59142 -4.59157
-4.60299 -4.60203
-4.61134 -4.61049
-4.6023 -4.60025
-4.608 -4.60735
-4.61954 -4.61872
-4.62019 -4.61984
-4.60557 -4.60458
-4.61101 -4.61068
-4.61538 -4.61454
-4.60141 -4.60049
-4.61547 -4.61525
-4.60586 -4.60604
-4.58306 -4.58478
-4.60165 -4.60169
-4.60265 -4.60295
-4.60602 -4.60532
-4.60506 -4.6046
-4.59296 -4.59358
-4.61589 -4.61569
-4.52588 -4.52836
-4.55879 -4.56056
-4.54582 -4.54604
-4.54622 -4.54671
-4.55421 -4.55477
-4.54857 -4.54862
-4.56883 -4.56972
-4.58319 -4.58226
-4.54936 -4.54879
-4.49234 -4.49336
-4.5108 -4.51354
-4.47218 -4.47283
-4.52494 -4.52766
-4.53328 -4.53437
-4.55319 -4.55582
-4.51734 -4.52057
-4.49012 -4.493
-4.51321 -4.5132
-4.47641 -4.47742
-4.49573 -4.49278
-4.52134 -4.52281
-4.42067 -4.42221
-4.3864 -4.39045
-4.48001 -4.48135
-4.46425 -4.46344
-4.49811 -4.50151
-4.6033 -4.60405
-4.59496 -4.59523
-4.59879 -4.59905
-4.60435 -4.60416
-4.60166 -4.60205
-4.6044 -4.60426
-4.5962 -4.5958
-4.60297 -4.60292
-4.60476 -4.60497
-4.60086 -4.60105
-4.58755 -4.58604
-4.54308 -4.54368
-4.56962 -4.5702
-4.5732 -4.57316
-4.58573 -4.58599
-4.54681 -4.54641
-4.58049 -4.57947
-4.54751 -4.54583
-4.52983 -4.53223
-4.50933 -4.51393
-4.5439 -4.54451
-4.49739 -4.49532
-4.49602 -4.49534
-4.49545 -4.49618
-4.49033 -4.49082
-4.45271 -4.45435
-4.48761 -4.48873
-4.48633 -4.48786
-4.48854 -4.48941
-4.46594 -4.46543
-4.50748 -4.50679
-4.47571 -4.47672
-4.3951 -4.39145
-4.43457 -4.43642
-4.40214 -4.40082
-4.60891 -4.60893
-4.59139 -4.59158
-4.60752 -4.60673
-4.60446 -4.60435
-4.60436 -4.60389
-4.59182 -4.59241
-4.59112 -4.59194
-4.60696 -4.60658
-4.58014 -4.58012
-4.55564 -4.55569
-4.5623 -4.56469
-4.55328 -4.55417
-4.5688 -4.56974
-4.54903 -4.55135
-4.59543 -4.59574
-4.56589 -4.56617
-4.56148 -4.56157
-4.57686 -4.57689
-4.56852 -4.56928
-4.55584 -4.55676
-4.54558 -4.54747
-4.51778 -4.52097
-4.51918 -4.51897
-4.531 -4.53165
-4.54237 -4.54216
-4.48842 -4.49203
-4.51372 -4.51389
-4.50828 -4.50896
-4.494 -4.49324
-4.44798 -4.44679
-4.47421 -4.47124
-4.46826 -4.46746
-4.50438 -4.50275
-4.44637 -4.44787
-4.462 -4.45701
-4.34625 -4.3438
-4.4626 -4.46103
-4.60609 -4.6054
-4.59848 -4.59808
-4.61237 -4.61188
-4.60124 -4.60178
-4.58629 -4.58643
-4.60007 -4.60069
-4.60272 -4.60282
-4.60477 -4.60468
-4.54534 -4.54833
-4.57411 -4.57432
-4.56556 -4.56465
-4.52958 -4.53076
-4.54404 -4.54379
-4.57983 -4.57915
-4.58785 -4.58804
-4.54382 -4.54581
-4.53542 -4.53816
-4.54475 -4.54614
-4.5052 -4.51028
-4.49305 -4.49504
-4.52756 -4.52785
-4.50154 -4.50095
-4.5256 -4.5264
-4.53717 -4.53903
-4.54356 -4.54114
-4.53056 -4.53207
-4.52112 -4.5147
-4.45275 -4.45172
-4.47934 -4.47964
-4.47147 -4.47519
-4.48147 -4.48235
-4.46875 -4.46901
-4.43586 -4.43917
-4.44928 -4.44906
-4.61369 -4.61344
-4.60398 -4.60425
-4.60663 -4.60642
-4.60065 -4.60012
-4.59589 -4.5965
-4.59713 -4.59679
-4.60095 -4.60134
-4.60597 -4.60526
-4.5969 -4.59663
-4.58515 -4.58538
-4.52391 -4.52552
-4.58304 -4.58258
-4.55634 -4.55786
-4.57779 -4.5789
-4.54985 -4.54988
-4.56419 -4.56557
-4.5471 -4.54848
-4.55388 -4.5555
-4.538 -4.53864
-4.50079 -4.50683
-4.51845 -4.51985
-4.5534 -4.55365
-4.52217 -4.52532
-4.52548 -4.52282
-4.55368 -4.55274
-4.52981 -4.53128
-4.50773 -4.5085
-4.46933 -4.46759
-4.48684 -4.49052
-4.52417 -4.52588
-4.49856 -4.49695
-4.51021 -4.50884
-4.47752 -4.47603
-4.4807 -4.48167
-4.45939 -4.45637
-4.45633 -4.45668
-4.48379 -4.48124
-4.61872 -4.61802
-4.59673 -4.59702
-4.61113 -4.61114
-4.59628 -4.59617
-4.60245 -4.60193
-4.59391 -4.59465
-4.59159 -4.59124
-4.58465 -4.58502
-4.5964 -4.59725
-4.58109 -4.58212
-4.55201 -4.55224
-4.57218 -4.57193
-4.57831 -4.57854
-4.55696 -4.55841
-4.56343 -4.56551
-4.57238 -4.57227
-4.53586 -4.53946
-4.52568 -4.52663
-4.53722 -4.53865
-4.56114 -4.56111
-4.50348 -4.50377
-4.4994 -4.50206
-4.52538 -4.52578
-4.43746 -4.43734
-4.4986 -4.49342
-4.50107 -4.50572
-4.48093 -4.48179
-4.51043 -4.51017
-4.43361 -4.43547
-4.50648 -4.50465
-4.50258 -4.50181
-4.41779 -4.41268
-4.41655 -4.41406
-4.5991 -4.59958
-4.6125 -4.61249
-4.60072 -4.60041
-4.60266 -4.60257
-4.60199 -4.60132
-4.58742 -4.58742
-4.59567 -4.59609
-4.58542 -4.58542
-4.59716 -4.59779
-4.57415 -4.57551
-4.56698 -4.56866
-4.55161 -4.55405
-4.57617 -4.57726
-4.56236 -4.56323
-4.57402 -4.57391
-4.53849 -4.53905
-4.55988 -4.56016
-4.58658 -4.58679
-4.5391 -4.54014
-4.53789 -4.5393
-4.52255 -4.52485
-4.48079 -4.47803
-4.49506 -4.49438
-4.50815 -4.50782
-4.48481 -4.4856
-4.47015 -4.4655
-4.51804 -4.51751
-4.50521 -4.50609
-4.48436 -4.48078
-4.49286 -4.49474
-4.46982 -4.47238
-4.44326 -4.43846
-4.45378 -4.4562
-4.45013 -4.45035
-4.61165 -4.61123
-4.60286 -4.60367
-4.59104 -4.5906
-4.59151 -4.59177
-4.5961 -4.59683
-4.60016 -4.59985
-4.58637 -4.58573
-4.60699 -4.60724
-4.60191 -4.6013
-4.55432 -4.55445
-4.55796 -4.55762
-4.59306 -4.59395
-4.57852 -4.57856
-4.57205 -4.57213
-4.53431 -4.53445
-4.5447 -4.54615
-4.55646 -4.55721
-4.54371 -4.54583
-4.53049 -4.53246
-4.52954 -4.52504
-4.50786 -4.51016
-4.54945 -4.54889
-4.49537 -4.49438
-4.50196 -4.50076
-4.52145 -4.52221
-4.48183 -4.48476
-4.43007 -4.43529
-4.50601 -4.50916
-4.51384 -4.51651
-4.51951 -4.52122
-4.50805 -4.50681
-4.49223 -4.49382
-4.46537 -4.45568
-4.48683 -4.48564
-4.49068 -4.48646
-4.51455 -4.51339
-4.61382 -4.61371
-4.6179 -4.61739
-4.61522 -4.61408
-4.61869 -4.61809
-4.60824 -4.60658
-4.61084 -4.61011
-4.62385 -4.62334
-4.61427 -4.6135
-4.61498 -4.61414
-4.61409 -4.61352
-4.61207 -4.61156
-4.61553 -4.61482
-4.60689 -4.60563
-4.60245 -4.60243
-4.62083 -4.61958
-4.61877 -4.61835
-4.60837 -4.60839
-4.61759 -4.61702
-4.62071 -4.61974
-4.59822 -4.59763
-4.62188 -4.62078
-4.60727 -4.60638
-4.61677 -4.61601
-4.61288 -4.61138
-4.60232 -4.60191
-4.63601 -4.63526
-4.62931 -4.62861
-4.61435 -4.61369
-4.60746 -4.60712
-4.59638 -4.59617
-4.59686 -4.59617
-4.59843 -4.59825
-4.59442 -4.5938
-4.57741 -4.57699
-4.56831 -4.56805
-4.56738 -4.56709
-4.56318 -4.56277
-4.55687 -4.55675
-4.54295 -4.5433
-4.52592 -4.52536
-4.53263 -4.53278
-4.52484 -4.52329
-4.52451 -4.52326
-4.52981 -4.52939
-4.5171 -4.51735
-4.52481 -4.52431
-4.51655 -4.51618
-4.52226 -4.52137
-4.51775 -4.51739
-4.52942 -4.52884
-4.51613 -4.5152
-4.51284 -4.51356
-4.51878 -4.51739
-4.50236 -4.5019
-4.5155 -4.51547
-4.51382 -4.51297
-4.50813 -4.50436
-4.52395 -4.5229
-4.50757 -4.5068
-4.51128 -4.50954
-4.50487 -4.50161
-4.51603 -4.51547
-4.53002 -4.52935
-4.51633 -4.51749
-4.51681 -4.51707
