-2.6782 -2.6741
-2.74229 -2.74337
-2.63818 -2.64004
-2.61365 -2.62462
-2.56225 -2.55475
-4.3291 -4.33112
-4.16975 -4.17133
-4.33091 -4.33316
-4.16938 -4.16846
-4.12093 -4.12987
-4.33117 -4.336
-4.37854 -4.37888
-4.39382 -4.39502
-4.37197 -4.37284
-4.36953 -4.36969
-4.3732 -4.3744
-4.37996 -4.37932
-4.36797 -4.36943
-4.3797 -4.38001
-4.36549 -4.36809
-4.36873 -4.37004
-4.36681 -4.36755
-4.36615 -4.36646
-4.36894 -4.36957
-4.36813 -4.36969
-4.38229 -4.38245
-4.38597 -4.38633
-4.36914 -4.37056
-4.37495 -4.37695
-4.36526 -4.36731
-4.25126 -4.25492
-4.24435 -4.24746
-4.28935 -4.28817
-4.34841 -4.34829
-4.3477 -4.34862
-4.27772 -4.2774
-4.23381 -4.23599
-4.33324 -4.33686
-4.37945 -4.37767
-4.29451 -4.29955
-4.24491 -4.24777
-4.37518 -4.37557
-4.25891 -4.26103
-4.37184 -4.37309
-4.33953 -4.33856
-4.27068 -4.27544
-4.276 -4.27737
-4.30095 -4.30211
-4.24786 -4.25167
-4.24926 -4.24782
-4.36467 -4.36558
-4.2387 -4.23867
-4.2333 -4.23195
-4.25718 -4.26105
-4.25717 -4.25934
-4.23417 -4.23631
-4.3536 -4.35447
-4.37156 -4.37128
-4.37863 -4.37862
-4.2549 -4.25175
-4.22114 -4.22387
-4.20637 -4.20996
-4.30635 -4.30968
-4.28391 -4.28483
-4.22517 -4.22825
-4.3411 -4.34087
-4.21789 -4.21663
-4.21984 -4.21946
-4.28841 -4.2911
-4.28166 -4.28674
-4.34782 -4.35003
-4.34468 -4.34668
-4.26176 -4.2642
-4.28658 -4.28686
-2.62728 -2.62745
-2.49317 -2.49666
-2.65274 -2.65258
-2.69716 -2.69556
-2.72321 -2.72073
-4.23757 -4.23732
-4.22505 -4.22409
-4.24174 -4.24194
-4.2491 -4.24915
-4.23858 -4.23807
-4.21231 -4.21205
-4.25268 -4.25184
-4.24868 -4.2483
-4.24667 -4.24677
-4.24624 -4.24585
-4.24575 -4.24639
-4.2493 -4.24923
-4.24436 -4.24424
-4.24643 -4.24599
-4.25471 -4.25422
-4.22341 -4.22313
-4.23628 -4.23653
-4.24819 -4.24762
-4.24642 -4.24556
-4.25399 -4.254
-4.2421 -4.24182
-4.22127 -4.22048
-4.24003 -4.23978
-4.22025 -4.22004
-4.25008 -4.24976
-4.23155 -4.23212
-4.24833 -4.24872
-4.24375 -4.24321
-4.25107 -4.25093
-4.24447 -4.24378
-4.26051 -4.26085
-4.25456 -4.25317
-4.22316 -4.22244
-4.22973 -4.23024
-4.26114 -4.26045
-4.23772 -4.23799
-4.26009 -4.25954
-4.25065 -4.25042
-4.26188 -4.26041
-4.23314 -4.2324
-4.27035 -4.27069
-4.24454 -4.2453
-4.24181 -4.24152
-4.25754 -4.25771
-4.25033 -4.24931
-4.25636 -4.2559
-4.21948 -4.21941
-4.24113 -4.24029
-4.23924 -4.23871
-4.2564 -4.2561
-4.2427 -4.24165
-4.24504 -4.24512
-4.25691 -4.25634
-4.22484 -4.22457
-4.2534 -4.25334
-4.24113 -4.24024
-4.25572 -4.25554
-4.24185 -4.24208
-4.22913 -4.22866
-4.24123 -4.24124
-4.25372 -4.25449
-4.2449 -4.24465
-4.25063 -4.24987
-4.24828 -4.24853
-4.25092 -4.25048
-4.24419 -4.2443
-4.24356 -4.24283
-4.2396 -4.23975
-4.23581 -4.23601
-4.23749 -4.23728
-4.23519 -4.23418
-4.2575 -4.2576
-4.30445 -4.305
-4.28566 -4.2863
-4.3012 -4.30159
-4.29957 -4.30039
-4.30638 -4.30718
-4.31177 -4.31247
-4.29339 -4.29382
-4.29292 -4.29349
-4.30163 -4.302
-4.28945 -4.29
-4.30583 -4.30658
-4.30871 -4.30948
-4.30299 -4.30376
-4.3002 -4.3009
-4.30193 -4.30253
-4.3104 -4.31125
-4.31098 -4.31171
-4.31192 -4.31274
-4.30294 -4.30378
-4.29141 -4.29207
-4.29708 -4.2979
-4.2916 -4.29242
-4.30673 -4.30745
-4.30852 -4.30938
-4.23299 -4.23208
-4.22249 -4.22258
-4.24207 -4.24217
-4.25723 -4.2566
-4.24699 -4.24694
-4.27158 -4.27091
-4.25287 -4.25299
-4.23888 -4.23779
-4.28698 -4.28632
-4.26589 -4.26479
-4.20807 -4.20695
-4.24809 -4.2483
-4.24451 -4.2449
-4.25553 -4.25518
-4.23821 -4.23843
-4.25916 -4.25986
-4.25348 -4.25423
-4.2551 -4.25551
-4.27214 -4.27247
-4.24858 -4.24834
-4.24227 -4.2422
-4.26315 -4.26317
-4.21937 -4.2192
-4.25403 -4.2531
-4.1995 -4.19837
-4.2559 -4.25564
-4.24133 -4.24131
-4.25583 -4.25472
-4.24777 -4.24785
-4.24871 -4.24779
-4.22946 -4.22863
-4.2309 -4.23014
-4.25042 -4.25127
-4.21223 -4.21288
-4.23737 -4.23755
-4.25299 -4.25196
-4.24026 -4.24079
-4.24753 -4.24667
-4.26252 -4.26309
-4.24865 -4.24869
-4.23964 -4.24002
-4.23347 -4.23282
-4.24512 -4.24423
-4.24724 -4.24664
-4.22523 -4.22403
-4.23407 -4.23468
-4.2703 -4.26964
-4.25844 -4.25724
-4.21031 -4.21083
-4.25407 -4.25415
-4.26498 -4.26434
-4.24577 -4.2451
-4.22658 -4.2257
-4.23895 -4.23866
-4.26801 -4.2678
-4.24051 -4.24075
-4.2294 -4.23012
-4.24634 -4.24533
-4.25858 -4.25831
-4.24213 -4.24187
-4.23451 -4.23372
-4.23375 -4.2337
-4.23573 -4.23486
-4.25712 -4.25759
-4.2286 -4.22927
-4.22783 -4.22857
-4.2486 -4.24735
-4.21838 -4.2178
-4.23269 -4.23241
-4.22254 -4.22276
-4.24018 -4.24067
-4.25654 -4.25718
-4.25577 -4.25683
-4.22015 -4.22144
-4.26357 -4.26318
-4.25043 -4.25015
-4.28985 -4.29163
-4.30408 -4.30466
-4.30278 -4.3033
-4.29397 -4.29443
-4.30989 -4.3107
-4.30268 -4.30295
-4.29503 -4.29545
-4.30928 -4.31053
-4.05076 -4.05884
-4.15516 -4.15162
-4.01775 -4.04838
-4.14329 -4.14757
-4.33607 -4.3388
-4.11216 -4.12121
-4.08645 -4.09128
-4.25635 -4.25971
-4.11654 -4.11311
-4.14388 -4.1415
-4.2615 -4.26459
-4.12207 -4.12855
-4.11799 -4.11491
-3.93608 -3.95448
-4.21277 -4.2116
-4.2276 -4.23043
-4.14651 -4.14756
-4.18962 -4.18176
-4.05313 -4.09837
-4.28605 -4.28645
-4.32615 -4.32816
-4.15487 -4.15773
-4.22134 -4.22135
-4.24435 -4.24637
-4.25981 -4.26512
-4.17697 -4.17862
-4.25352 -4.25894
-4.33716 -4.33922
-4.24595 -4.24588
-4.2207 -4.21995
-4.14168 -4.14044
-4.12598 -4.12614
-4.22046 -4.22687
-4.23201 -4.23339
-4.21936 -4.22147
-4.25015 -4.25088
-4.2495 -4.25112
-4.24672 -4.24703
-3.96789 -4.00293
-4.33876 -4.34099
-4.12041 -4.11892
-3.99682 -4.01821
-4.09713 -4.10673
-4.14558 -4.14195
-4.17116 -4.1699
-4.13232 -4.13237
-4.09172 -4.09868
-4.15167 -4.1522
-4.24718 -4.24948
-4.00383 -4.01174
-4.23448 -4.23618
-4.15154 -4.16253
-4.10054 -4.10065
-4.25989 -4.26404
-4.32653 -4.32931
-4.32652 -4.32977
-4.02786 -4.04538
-3.9836 -4.01502
-4.26754 -4.26856
-4.1047 -4.11524
-4.14187 -4.14928
-4.18779 -4.19029
-4.23734 -4.24107
-4.12813 -4.13133
-4.22568 -4.22968
-4.2622 -4.2646
-4.24291 -4.24233
-4.13575 -4.13645
-4.32341 -4.32517
-4.2643 -4.26489
-4.33822 -4.34196
-3.98709 -4.03402
-4.2455 -4.2494
-4.19426 -4.19525
-4.25701 -4.25813
-4.08041 -4.08084
-4.23 -4.23406
-4.15379 -4.15305
-4.15353 -4.15292
-4.26863 -4.26919
-4.12101 -4.12128
-4.10764 -4.11856
-4.33198 -4.33595
-4.33608 -4.33758
-4.22097 -4.22637
-4.2255 -4.22868
-4.24975 -4.2499
-4.25449 -4.25693
-4.26281 -4.26878
-4.27389 -4.27493
-4.23581 -4.23531
-4.15754 -4.14901
-3.98196 -4.02357
-4.3347 -4.33841
-4.33448 -4.33764
-4.32771 -4.32901
-4.09444 -4.11317
-4.21317 -4.21515
-4.25523 -4.2566
-4.15604 -4.15205
-4.09909 -4.10484
-4.16415 -4.16584
-4.18881 -4.18462
-4.15567 -4.15806
-4.25898 -4.26088
-4.1273 -4.1307
-4.25351 -4.25801
-4.14535 -4.14619
-4.32671 -4.32758
-4.01021 -4.04264
-4.17452 -4.17862
-4.24586 -4.24892
-4.33041 -4.33342
-4.24682 -4.25067
-4.14414 -4.15044
-4.25104 -4.2512
-4.10244 -4.11006
-4.3291 -4.33112
-4.19832 -4.1963
-4.14448 -4.14502
-4.32911 -4.33277
-4.33386 -4.3371
-4.16801 -4.1702
-4.24726 -4.24877
-4.10246 -4.11704
-4.06019 -4.09588
-4.12665 -4.1275
-4.15729 -4.15859
-4.33476 -4.3378
-4.23833 -4.2349
-4.23278 -4.23632
-4.27509 -4.27733
-4.32925 -4.33224
-4.33981 -4.34248
-4.25071 -4.25178
-4.20216 -4.20184
-4.23664 -4.2362
-4.22293 -4.22508
-4.25819 -4.25877
-4.13368 -4.13408
-4.32906 -4.33267
-4.20465 -4.20555
-4.33414 -4.33647
-4.26575 -4.26749
-4.10883 -4.102
-4.33634 -4.33858
-4.2449 -4.24748
-4.32931 -4.33319
-4.25536 -4.25665
-4.3281 -4.33142
-4.25351 -4.25818
-4.23945 -4.23803
-4.16027 -4.16096
-4.1538 -4.14831
-4.32968 -4.33182
-4.14744 -4.14774
-4.2688 -4.2707
-3.96823 -4.01888
-4.16996 -4.16942
-4.22421 -4.22608
-4.33646 -4.33994
-4.17764 -4.17999
-4.14158 -4.14025
-4.13927 -4.14429
-4.32601 -4.3277
-4.10945 -4.11722
-4.15047 -4.1458
-4.21999 -4.22258
-4.23591 -4.23501
-4.25054 -4.25219
-4.32874 -4.33264
-4.15284 -4.15416
-4.24856 -4.24914
-4.0337 -4.04764
-4.06316 -4.08233
-4.1152 -4.11582
-4.32771 -4.32902
-4.03321 -4.03791
-4.30658 -4.31026
-4.23447 -4.23492
-4.33005 -4.33238
-4.05697 -4.09944
-4.2364 -4.23973
-4.25479 -4.2557
-4.23703 -4.23754
-4.23894 -4.24036
-4.25857 -4.26
-4.26469 -4.26781
-4.22873 -4.2274
-4.06327 -4.0818
-4.24293 -4.24729
-4.25496 -4.25588
-4.24429 -4.2467
-4.25199 -4.25424
-4.15251 -4.1508
-4.22879 -4.22996
-4.16863 -4.17288
-4.18077 -4.17958
-4.23148 -4.2312
-4.32805 -4.33113
-4.33615 -4.33927
-4.23459 -4.23582
-4.33726 -4.33978
-4.10284 -4.11797
-4.25401 -4.25476
-4.21444 -4.21536
-4.25401 -4.25476
-3.99537 -4.04051
-4.21999 -4.22258
-4.15729 -4.15859
-4.24048 -4.24356
-4.13368 -4.13408
-4.32771 -4.32902
-4.0337 -4.04764
-4.32943 -4.33156
-4.24554 -4.24944
-4.01335 -4.06037
-4.32601 -4.3277
-4.18077 -4.17958
-4.09474 -4.09192
-4.24293 -4.24729
-4.33124 -4.33369
-4.17764 -4.17999
-4.03321 -4.03791
-4.06327 -4.0818
-4.33015 -4.33378
-4.15138 -4.14762
-4.24531 -4.24741
-4.23448 -4.23845
-4.15526 -4.1579
-3.93163 -3.94957
-4.32771 -4.32901
-4.19832 -4.1963
-4.05313 -4.09837
-4.17452 -4.17862
-4.24152 -4.24524
-4.01427 -4.05588
-4.10244 -4.11006
-3.99682 -4.01821
-4.25352 -4.25894
-4.33196 -4.33322
-4.18932 -4.18842
-4.24222 -4.24286
-4.16641 -4.16371
-4.22863 -4.23331
-4.12221 -4.12458
-4.12093 -4.12987
-4.27337 -4.27356
-4.12814 -4.12575
-4.01775 -4.04838
-4.23021 -4.23257
-4.00383 -4.01174
-4.34182 -4.34499
-4.3291 -4.33112
-4.1915 -4.19174
-4.08041 -4.08084
-4.18216 -4.18834
-4.3362 -4.33955
-4.30163 -4.302
-4.28945 -4.29
-4.30583 -4.30658
-4.30871 -4.30948
-4.30299 -4.30376
-4.3002 -4.3009
-4.30193 -4.30253
-4.3104 -4.31125
-4.31098 -4.31171
-4.31192 -4.31274
-4.30294 -4.30378
-4.29141 -4.29207
-4.29708 -4.2979
-4.2916 -4.29242
-4.30673 -4.30745
-4.30852 -4.30938
-4.15549 -4.15676
-4.14125 -4.14213
-4.2317 -4.23316
-4.13061 -4.13364
-4.24453 -4.24464
-4.24872 -4.24903
-4.2481 -4.24902
-4.23131 -4.23331
-4.28501 -4.28724
-4.23953 -4.24111
-4.23469 -4.23531
-4.32771 -4.32903
-4.19737 -4.19901
-4.29007 -4.292
-4.25218 -4.25403
-4.24622 -4.24806
-4.16926 -4.17064
-4.17566 -4.17655
-4.15196 -4.1522
-4.20536 -4.20552
-4.33313 -4.33597
-4.33933 -4.34176
-4.23131 -4.23316
-4.18015 -4.18241
-4.33032 -4.33376
-4.15549 -4.15676
-4.14125 -4.14213
-4.2317 -4.23316
-4.13061 -4.13364
-4.24453 -4.24464
-4.24872 -4.24903
-4.2481 -4.24902
-4.23131 -4.23331
-4.28501 -4.28724
-4.23953 -4.24111
-4.23469 -4.23531
-4.32771 -4.32903
-4.19737 -4.19901
-4.29007 -4.292
-4.25218 -4.25403
-4.24622 -4.24806
-4.16926 -4.17064
-4.17566 -4.17655
-4.15196 -4.1522
-4.20536 -4.20552
-4.33313 -4.33597
-4.33933 -4.34176
-4.23131 -4.23316
-4.18015 -4.18241
-4.33032 -4.33376
-4.33933 -4.34176
-4.24453 -4.24464
-4.23953 -4.24111
-4.33492 -4.33871
-4.23469 -4.23531
-4.23131 -4.23331
-4.19737 -4.19901
-4.25218 -4.25403
-4.14125 -4.14213
-4.32771 -4.32903
-4.24622 -4.24806
-4.2481 -4.24902
-4.24872 -4.24903
-4.23131 -4.23316
-4.23916 -4.24113
-4.15329 -4.15524
-4.28501 -4.28724
-4.17566 -4.17655
-4.15196 -4.1522
-4.15549 -4.15676
-4.18015 -4.18241
-4.33516 -4.33924
-4.13061 -4.13364
-4.20536 -4.20552
-4.33184 -4.33504
-4.14964 -4.1503
-4.32743 -4.32872
-4.12718 -4.12636
-3.96789 -4.00293
-3.9836 -4.01502
-4.14682 -4.14537
-4.15341 -4.15952
-4.00383 -4.01174
-4.32253 -4.32536
-4.09909 -4.10484
-4.02786 -4.04538
-4.18881 -4.18462
-4.05313 -4.09837
-4.13685 -4.1425
-4.28456 -4.28707
-4.25015 -4.25088
-4.24586 -4.24892
-4.14595 -4.14133
-4.11799 -4.11491
-4.3365 -4.34012
-4.24857 -4.25075
-4.22046 -4.22687
-4.23201 -4.23339
-4.27025 -4.27302
-4.33607 -4.3388
-4.24286 -4.24718
-4.14448 -4.14502
-4.33947 -4.34307
-4.3343 -4.33824
-4.24023 -4.24092
-4.1047 -4.11524
-4.17452 -4.17862
-3.9547 -3.97881
-4.13575 -4.13645
-4.15353 -4.15292
-4.24672 -4.24703
-4.2402 -4.24104
-4.26385 -4.26801
-4.14651 -4.14756
-4.25927 -4.26242
-4.32771 -4.32901
-4.22134 -4.22135
-4.15444 -4.15215
-4.09444 -4.11317
-4.21386 -4.21398
-4.25207 -4.25313
-4.11216 -4.12121
-4.01775 -4.04838
-4.25717 -4.26375
-4.25701 -4.25813
-4.25352 -4.25894
-4.25864 -4.26109
-4.18785 -4.18135
-3.96633 -3.99897
-4.33977 -4.34337
-4.27328 -4.27616
-4.26739 -4.26886
-4.12041 -4.11892
-4.19516 -4.19534
-4.23465 -4.23813
-4.2615 -4.26459
-4.14535 -4.14619
-4.33876 -4.34099
-4.25981 -4.26512
-4.21277 -4.2116
-4.28605 -4.28645
-4.3291 -4.33112
-4.12207 -4.12855
-4.09172 -4.09868
-4.22887 -4.23174
-4.21936 -4.22147
-4.16558 -4.1736
-4.17697 -4.17862
-4.29206 -4.29554
-4.11978 -4.11443
-4.24813 -4.24968
-4.15487 -4.15773
-3.93608 -3.95448
-4.23581 -4.23531
-4.24824 -4.24746
-4.26281 -4.26878
-4.11654 -4.11311
-4.11894 -4.12414
-4.33183 -4.33358
-4.23243 -4.23406
-4.25115 -4.25145
-4.01427 -4.05588
-4.23864 -4.23973
-4.09832 -4.09774
-4.1491 -4.14812
-4.13862 -4.13504
-4.01021 -4.04264
-4.24868 -4.2511
-4.22772 -4.22988
-4.15754 -4.14901
-4.25041 -4.25349
-4.24682 -4.25067
-4.12307 -4.12171
-4.32717 -4.32886
-3.94413 -3.9874
-4.25449 -4.25693
-4.09713 -4.10673
-4.14414 -4.15044
-4.25631 -4.25309
-4.29498 -4.29426
-4.22231 -4.22204
-4.22639 -4.22696
-4.16935 -4.16437
-4.18946 -4.18813
-4.18864 -4.18248
-4.20234 -4.20049
-4.22702 -4.22884
-4.24783 -4.24526
-4.29595 -4.2927
-4.28255 -4.27993
-4.31078 -4.31165
-4.2445 -4.24427
-4.23289 -4.23373
-4.22413 -4.22581
-4.24225 -4.23998
-4.22277 -4.22152
-4.24413 -4.24332
-4.23881 -4.23435
-4.21996 -4.21589
-4.18968 -4.18449
-4.29411 -4.29445
-4.21708 -4.21534
-4.21548 -4.20801
-4.23494 -4.23385
-4.2286 -4.22731
-4.20795 -4.20277
-4.2314 -4.22963
-4.23068 -4.22654
-4.23069 -4.22422
-4.33688 -4.33538
-4.23134 -4.22872
-4.32972 -4.33013
-4.29362 -4.2925
-4.29349 -4.29205
-4.21896 -4.22097
-4.21235 -4.21045
-4.22599 -4.22667
-4.21496 -4.20993
-4.21076 -4.21135
-4.23691 -4.23554
-4.21914 -4.21682
-4.20993 -4.21005
-4.2349 -4.23436
-4.23954 -4.23832
-4.24001 -4.24152
-4.23926 -4.24263
-4.22251 -4.22141
-4.21192 -4.21371
-4.20195 -4.19659
-4.23843 -4.24009
-4.20353 -4.19968
-4.19413 -4.19108
-4.16983 -4.16819
-4.17266 -4.1754
-4.19345 -4.19133
-4.20363 -4.20367
-4.17407 -4.17315
-4.24143 -4.24036
-4.17137 -4.1667
-4.17862 -4.17383
-4.19085 -4.18569
-4.17138 -4.17005
-4.16867 -4.16334
-4.20035 -4.20147
-4.20878 -4.20565
-4.22215 -4.22576
-4.20156 -4.19696
-4.21615 -4.21588
-4.15608 -4.15415
-4.17063 -4.17062
-4.20292 -4.2067
-4.29644 -4.29424
-4.20965 -4.20902
-4.22386 -4.21978
-4.21334 -4.21099
-4.25605 -4.25405
-4.22523 -4.22065
-4.25787 -4.25843
-4.35461 -4.35816
-4.20861 -4.20291
-4.23541 -4.23143
-4.21398 -4.21323
-4.18441 -4.18264
-4.19258 -4.19192
-4.28142 -4.2803
-4.20459 -4.197
-4.30478 -4.30324
-4.23828 -4.24252
-4.29107 -4.29232
-4.25561 -4.25263
-4.27838 -4.27551
-4.22453 -4.22234
-4.21281 -4.21378
-4.34551 -4.34854
-4.16698 -4.16845
-4.21508 -4.21596
-4.26512 -4.26313
-4.24828 -4.2517
-4.2877 -4.28674
-4.22583 -4.2258
-4.27766 -4.2743
-4.20641 -4.20772
-4.20507 -4.20226
-4.19181 -4.19156
-4.24465 -4.24148
-4.23802 -4.23787
-4.25021 -4.24748
-4.25316 -4.25198
-4.29578 -4.29496
-4.29534 -4.29253
-4.2368 -4.23878
-4.30739 -4.30586
-4.25249 -4.25078
-4.21028 -4.20972
-4.29344 -4.29124
-4.20402 -4.20338
-4.18164 -4.18088
-4.22741 -4.23236
-4.19736 -4.19755
-4.24015 -4.24286
-4.20305 -4.20501
-4.20083 -4.1983
-4.20312 -4.19808
-4.30462 -4.30322
-4.20904 -4.20935
-4.15981 -4.15901
-4.25506 -4.25416
-4.26693 -4.26614
-4.21172 -4.21225
-4.21114 -4.20806
-4.1814 -4.18222
-4.34926 -4.34455
-4.21696 -4.21868
-4.19175 -4.18903
-4.18379 -4.18153
-4.29608 -4.29812
-4.16724 -4.16441
-4.29396 -4.28992
-4.23731 -4.23705
-4.29002 -4.28441
-4.23674 -4.23287
-4.2286 -4.22465
-4.20913 -4.20397
-4.16023 -4.15535
-4.1677 -4.16971
-4.35754 -4.3562
-4.35081 -4.35041
-4.23532 -4.23308
-4.28385 -4.28255
-4.24689 -4.24936
-4.2962 -4.29178
-4.21601 -4.21533
-4.25813 -4.25863
-4.28191 -4.28389
-4.25004 -4.24675
-4.33927 -4.33837
-4.24129 -4.24023
-4.22997 -4.23084
-4.24826 -4.24461
-4.21354 -4.21457
-4.3408 -4.34083
-4.24635 -4.24631
-4.22618 -4.22131
-4.29295 -4.29302
-4.17684 -4.16986
-4.29411 -4.29282
-4.18158 -4.17745
-4.21546 -4.21687
-4.21411 -4.20746
-4.34039 -4.33741
-4.23249 -4.23121
-4.23932 -4.23351
-4.23692 -4.2369
-4.23773 -4.234
-4.23339 -4.22647
-4.18172 -4.16856
-4.22173 -4.21873
-4.23394 -4.2321
-4.29017 -4.28957
-4.22123 -4.215
-4.22079 -4.21745
-4.2272 -4.22661
-4.20318 -4.19819
-4.25721 -4.25859
-4.28129 -4.28057
-4.35729 -4.35788
-4.19065 -4.18785
-4.22744 -4.21868
-4.31248 -4.31437
-4.20114 -4.2038
-4.25904 -4.25661
-4.19351 -4.18638
-4.20814 -4.20464
-4.24215 -4.23955
-4.30936 -4.31044
-4.22515 -4.22382
-4.18563 -4.18692
-4.23422 -4.23439
-4.29578 -4.29289
-4.23748 -4.23754
-4.17997 -4.18081
-4.23141 -4.23006
-4.31346 -4.31228
-4.20855 -4.20113
-4.23745 -4.23923
-4.29239 -4.29032
-4.21742 -4.21773
-4.34435 -4.34326
-4.20241 -4.20187
-4.23543 -4.23845
-4.24521 -4.24718
-4.29736 -4.29733
-4.21255 -4.20706
-4.22994 -4.23032
-4.23171 -4.22971
-4.21649 -4.20954
-4.24106 -4.23911
-4.35105 -4.35168
-4.21822 -4.21418
-4.21587 -4.214
-4.21048 -4.20942
-4.28832 -4.28917
-4.23921 -4.24093
-4.27897 -4.27509
-4.27036 -4.27069
-4.22053 -4.21507
-4.17664 -4.17459
-4.21415 -4.21741
-4.22971 -4.22584
-4.23539 -4.2309
-4.29045 -4.2884
-4.30054 -4.30256
-4.247 -4.24959
-4.20268 -4.19826
-4.24165 -4.23681
-4.20093 -4.197
-4.23028 -4.23082
-4.25035 -4.24916
-4.2927 -4.2936
-4.18333 -4.19037
-4.17885 -4.17921
-4.29247 -4.29089
-4.18688 -4.18831
-4.29873 -4.29762
-4.31224 -4.30915
-4.20415 -4.2084
-4.21272 -4.21372
-4.23721 -4.23965
-4.29494 -4.28894
-4.20103 -4.20457
-4.20138 -4.20148
-4.2588 -4.25477
-4.20339 -4.20485
-4.24812 -4.24333
-4.21412 -4.21524
-4.26893 -4.26829
-4.35548 -4.35252
-4.25831 -4.25801
-4.2799 -4.2792
-4.21194 -4.21458
-4.19535 -4.19843
-4.21533 -4.21368
-4.235 -4.23433
-4.18917 -4.18822
-4.24517 -4.24548
-4.34581 -4.34726
-4.19864 -4.2013
-4.23695 -4.23756
-4.19282 -4.18825
-4.21534 -4.21487
-4.29581 -4.29434
-4.20348 -4.20098
-4.2174 -4.21666
-4.22074 -4.21982
-4.26135 -4.25955
-4.25627 -4.25492
-4.24237 -4.24567
-4.20909 -4.2014
-4.20434 -4.20622
-4.17287 -4.17425
-4.24934 -4.25187
-4.24249 -4.23789
-4.22942 -4.23046
-4.2079 -4.20583
-4.2307 -4.22975
-4.28503 -4.28258
-4.21492 -4.21357
-4.22622 -4.22367
-4.18013 -4.17566
-4.22329 -4.22104
-4.3034 -4.30374
-4.21026 -4.21059
-4.25735 -4.255
-4.20384 -4.19996
-4.23915 -4.24187
-4.2516 -4.25445
-4.21483 -4.21857
-4.28247 -4.28163
-4.34529 -4.34368
-4.21731 -4.21569
-4.31193 -4.31514
-4.2389 -4.24141
-4.23982 -4.23916
-4.2202 -4.22012
-4.24042 -4.23642
-4.20339 -4.20868
-4.23031 -4.22747
-4.3135 -4.31158
-4.24119 -4.24036
-4.22095 -4.21588
-4.21535 -4.21528
-4.25722 -4.25614
-4.23997 -4.23739
-4.22724 -4.22814
-4.29392 -4.29309
-4.2212 -4.21674
-4.22736 -4.2235
-4.24543 -4.24313
-4.21738 -4.21174
-4.22034 -4.21792
-4.21236 -4.20738
-4.2069 -4.20694
-4.18602 -4.18184
-4.24959 -4.24833
-4.24819 -4.24604
-4.18184 -4.17843
-4.22412 -4.22088
-4.15543 -4.15707
-4.23904 -4.23676
-4.30481 -4.30488
-4.29424 -4.2946
-4.30291 -4.30316
-4.24484 -4.24727
-4.21206 -4.2087
-4.21729 -4.21294
-4.26199 -4.26518
-4.23097 -4.23255
-4.2153 -4.21375
-4.24531 -4.2458
-4.31905 -4.31743
-4.22774 -4.22477
-4.26128 -4.2617
-4.21941 -4.2183
-4.23337 -4.23721
-4.29086 -4.29133
-4.20359 -4.20027
-4.19601 -4.19289
-4.24378 -4.24301
-4.23791 -4.24008
-4.22771 -4.23251
-4.18436 -4.18663
-4.21636 -4.21958
-4.28167 -4.27856
-4.20997 -4.21492
-4.32448 -4.32203
-4.20525 -4.20389
-4.18777 -4.18618
-4.19354 -4.19372
-4.21172 -4.2025
-4.2205 -4.22137
-4.28868 -4.28602
-4.28486 -4.28425
-4.20518 -4.2072
-4.26368 -4.26441
-4.239 -4.23728
-4.18353 -4.18388
-4.34504 -4.34414
-4.25964 -4.26031
-4.23858 -4.24027
-4.23914 -4.23989
-4.17026 -4.17202
-4.23958 -4.23921
-4.28067 -4.28078
-4.32006 -4.3207
-4.23431 -4.23352
-4.19181 -4.18428
-4.33804 -4.33737
-4.29604 -4.29599
-4.21454 -4.21162
-4.22533 -4.22622
-4.25897 -4.25811
-4.29366 -4.29212
-4.30354 -4.30366
-4.23522 -4.23523
-4.20587 -4.20927
-4.18289 -4.18518
-4.20372 -4.20166
-4.18729 -4.18849
-4.26278 -4.26115
-4.23105 -4.23241
-4.33877 -4.33446
-4.18658 -4.17692
-4.20659 -4.21099
-4.19077 -4.1933
-4.21685 -4.21986
-4.24708 -4.24642
-4.23694 -4.23794
-4.30085 -4.29804
-4.27614 -4.27325
-4.33842 -4.33771
-4.25775 -4.25792
-4.22491 -4.2294
-4.21743 -4.22062
-4.23011 -4.22854
-4.24379 -4.24285
-4.22014 -4.21889
-4.21929 -4.21824
-4.19897 -4.19505
-4.28474 -4.28451
-4.24471 -4.24523
-4.22188 -4.21895
-4.26525 -4.26378
-4.21695 -4.21706
-4.24464 -4.24634
-4.21193 -4.20809
-4.28067 -4.28132
-4.32915 -4.32867
-4.27601 -4.27122
-4.23354 -4.22842
-4.2394 -4.23676
-4.20821 -4.21103
-4.28996 -4.28526
-4.22636 -4.22557
-4.23238 -4.22984
-4.2096 -4.21151
-4.19413 -4.18972
-4.21333 -4.21542
-4.30361 -4.30062
-4.20733 -4.20317
-4.22852 -4.23024
-4.28436 -4.28038
-4.21135 -4.21089
-4.23641 -4.23687
-4.24437 -4.24677
-4.21427 -4.21729
-4.22215 -4.22022
-4.22749 -4.22835
-4.18693 -4.18439
-4.27629 -4.27535
-4.24354 -4.2461
-4.22446 -4.22605
-4.29721 -4.29332
-4.21154 -4.21151
-4.25898 -4.25691
-4.21131 -4.21341
-4.2346 -4.23092
-4.2888 -4.29047
-4.25037 -4.2497
-4.2391 -4.23595
-4.2298 -4.23018
-4.25218 -4.24927
-4.25135 -4.25478
-4.21933 -4.22163
-4.21808 -4.21811
-4.29076 -4.28713
-4.19584 -4.19467
-4.23709 -4.23813
-4.22432 -4.2245
-4.23696 -4.23807
-4.22242 -4.22166
-4.20417 -4.20202
-4.24988 -4.24977
-4.21973 -4.21273
-4.24438 -4.2462
-4.34591 -4.3459
-4.2288 -4.22985
-4.21043 -4.209
-4.21864 -4.21678
-4.19754 -4.20266
-4.25813 -4.25868
-4.23688 -4.23607
-4.2521 -4.24662
-4.24419 -4.24601
-4.26056 -4.26029
-4.22369 -4.22094
-4.24322 -4.24582
-4.2324 -4.23495
-4.21907 -4.22146
-4.30854 -4.30933
-4.21868 -4.21467
-4.22013 -4.22408
-4.21566 -4.21257
-4.27954 -4.27536
-4.3073 -4.30645
-4.29115 -4.28865
-4.22241 -4.2207
-4.22572 -4.22706
-4.2177 -4.22193
-4.21214 -4.21039
-4.19395 -4.1907
-4.20625 -4.20894
-4.3166 -4.31322
-4.22736 -4.22964
-4.20983 -4.20492
-4.26237 -4.26217
-4.25716 -4.25599
-4.20014 -4.20056
-4.24795 -4.24383
-4.23849 -4.23819
-4.27832 -4.27853
-4.19569 -4.19606
-4.22933 -4.22322
-4.23269 -4.23149
-4.24778 -4.24263
-4.35414 -4.35335
-4.2227 -4.21675
-4.24549 -4.24384
-4.23925 -4.2389
-4.26437 -4.26078
-4.22776 -4.22555
-4.23073 -4.23077
-4.22804 -4.22764
-4.23465 -4.23679
-4.20886 -4.20515
-4.24686 -4.24779
-4.21569 -4.20963
-4.23251 -4.23194
-4.22536 -4.22191
-4.25239 -4.25052
-4.21032 -4.20926
-4.25134 -4.25552
-4.24436 -4.24292
-4.28509 -4.28236
-4.20083 -4.20737
-4.20741 -4.20975
-4.23672 -4.23391
-4.24814 -4.24422
-4.20352 -4.20274
-4.22383 -4.21962
-4.23582 -4.23548
-4.24825 -4.25069
-4.21734 -4.21578
-4.20577 -4.20476
-4.22162 -4.22025
-4.22875 -4.22962
-4.23122 -4.23261
-4.2913 -4.29226
-4.30217 -4.30183
-4.30188 -4.30041
-4.18543 -4.18701
-4.22989 -4.22545
-4.23542 -4.23337
-4.27358 -4.27139
-4.22239 -4.22117
-4.24849 -4.2483
-4.22678 -4.22649
-4.2018 -4.20274
